<?xml version="1.0" encoding="UTF-8"?>
<!-- Generated by org.testng.reporters.JUnitXMLReporter -->
<testsuite ignored="0" hostname="Pragti" failures="0" tests="6" name="Test" time="0.72" errors="0" timestamp="2024-11-25T12:31:10 IST">
  <testcase classname="pac.NewTest" name="firTest" time="0.221"/>
  <testcase classname="pac.NewTest" name="secTest" time="0.016"/>
  <testcase classname="pac.New1Test" name="firTest" time="0.018"/>
  <testcase classname="pac.New1Test" name="secTest" time="0.009"/>
  <testcase classname="pac.New2Test" name="firTest" time="0.012"/>
  <testcase classname="pac.New2Test" name="secTest" time="0.02"/>
</testsuite> <!-- Test -->
