<?xml version="1.0" encoding="UTF-8"?>
<testng-results ignored="0" total="6" passed="6" failed="0" skipped="0">
  <reporter-output>
  </reporter-output>
  <suite started-at="2024-11-25T12:31:09 IST" name="Suite" finished-at="2024-11-25T12:31:10 IST" duration-ms="720">
    <groups>
    </groups>
    <test started-at="2024-11-25T12:31:09 IST" name="Test" finished-at="2024-11-25T12:31:10 IST" duration-ms="720">
      <class name="pac.New1Test">
        <test-method signature="firTest()[pri:0, instance:pac.New1Test@48793bef]" started-at="2024-11-25T12:31:10 IST" name="firTest" finished-at="2024-11-25T12:31:10 IST" duration-ms="18" status="PASS">
          <reporter-output>
          </reporter-output>
        </test-method> <!-- firTest -->
        <test-method signature="secTest()[pri:0, instance:pac.New1Test@48793bef]" started-at="2024-11-25T12:31:10 IST" name="secTest" finished-at="2024-11-25T12:31:10 IST" duration-ms="9" status="PASS">
          <reporter-output>
          </reporter-output>
        </test-method> <!-- secTest -->
      </class> <!-- pac.New1Test -->
      <class name="pac.NewTest">
        <test-method signature="firTest()[pri:0, instance:pac.NewTest@71e693fa]" started-at="2024-11-25T12:31:09 IST" name="firTest" finished-at="2024-11-25T12:31:10 IST" duration-ms="221" status="PASS">
          <reporter-output>
          </reporter-output>
        </test-method> <!-- firTest -->
        <test-method signature="secTest()[pri:0, instance:pac.NewTest@71e693fa]" started-at="2024-11-25T12:31:10 IST" name="secTest" finished-at="2024-11-25T12:31:10 IST" duration-ms="16" status="PASS">
          <reporter-output>
          </reporter-output>
        </test-method> <!-- secTest -->
      </class> <!-- pac.NewTest -->
      <class name="pac.New2Test">
        <test-method signature="firTest()[pri:0, instance:pac.New2Test@7d286fb6]" started-at="2024-11-25T12:31:10 IST" name="firTest" finished-at="2024-11-25T12:31:10 IST" duration-ms="12" status="PASS">
          <reporter-output>
          </reporter-output>
        </test-method> <!-- firTest -->
        <test-method signature="secTest()[pri:0, instance:pac.New2Test@7d286fb6]" started-at="2024-11-25T12:31:10 IST" name="secTest" finished-at="2024-11-25T12:31:10 IST" duration-ms="20" status="PASS">
          <reporter-output>
          </reporter-output>
        </test-method> <!-- secTest -->
      </class> <!-- pac.New2Test -->
    </test> <!-- Test -->
  </suite> <!-- Suite -->
</testng-results>
